


Error output from /afs/cs.cmu.edu/user/pshell/parmenides/exp/parmenides.lisp 2-Apr-91 12:12:08.
Compiled on 2-Apr-91 12:12:17 by CLC version M1.8 (15-Aug-90).

LOAD-MESSAGES compiled.
GET-MESSAGE compiled.
PUT-MESSAGE compiled.
DEFINE-LANGUAGE compiled.
LOAD-PARMENIDES compiled.
INIT-PARMENIDES compiled.
IFNOTSTATUS compiled.
SMASH compiled.
PREPARE-SEQS compiled.
PREPARE-SEQ compiled.
SMART-SYMBOL-NAME compiled.
NOT-GETF compiled.
PUTPROP compiled.
MEMQ compiled.
MY-MAYBE-NCONC compiled.
MAYBE-COPY-LIST compiled.
MY-PUSHNEW compiled.
ML-FORMAT compiled.
ML-CERROR compiled.
ML-ERROR compiled.
PAFORMAT compiled.
FRIENDLY-FRAME-CLASS compiled.
PA-CLASS-OF compiled.
FRAME-TYPE-OF compiled.
KEYWORD-TO-CURRENT compiled.
ASSURE-CURRENT compiled.
CURRENT-TO-KEYWORD compiled.
ASSURE-KEYWORD compiled.
CORRECT-PACKAGE compiled.
ASSURE-FRAME compiled.
MAYBE-ASSURE-FRAME compiled.
PROPERTY-NAMES compiled.
KYOTO-LISP-P compiled.
CMU-COMMON-LISP-P compiled.
SYMBOLICS-LISP-P compiled.
DEC-LISP-P compiled.
XEROX-P compiled.
LUCID-LISP-P compiled.
ALLEGRO-LISP-P compiled.
%AREF-GET-0 compiled.
%AREF-GET-1 compiled.
%AREF-GET-2 compiled.
%AREF-GET-3 compiled.
%AREF-GET-4 compiled.
%AREF-GET-5 compiled.
%AREF-GET-6 compiled.
%AREF-GET-7 compiled.
%AREF-GET-8 compiled.
%AREF-GET-9 compiled.
%AREF-GET-10 compiled.
%AREF-GET-11 compiled.
%AREF-GET-12 compiled.
%AREF-GET-13 compiled.
%AREF-GET-14 compiled.
%AREF-GET-15 compiled.
%AREF-VALUE-GET-0 compiled.
%AREF-VALUE-GET-1 compiled.
%AREF-VALUE-GET-2 compiled.
%AREF-VALUE-GET-3 compiled.
%AREF-VALUE-GET-4 compiled.
%AREF-VALUE-GET-5 compiled.
%AREF-VALUE-GET-6 compiled.
%AREF-VALUE-GET-7 compiled.
%AREF-VALUE-GET-8 compiled.
%AREF-VALUE-GET-9 compiled.
%AREF-VALUE-GET-10 compiled.
%AREF-VALUE-GET-11 compiled.
%AREF-VALUE-GET-12 compiled.
%AREF-VALUE-GET-13 compiled.
%AREF-VALUE-GET-14 compiled.
%AREF-VALUE-GET-15 compiled.
MAKE-PA-FRAME compiled.
PA-FRAME-P compiled.
INIT-FREELIST compiled.
FIRST-POSITION compiled.
GET-FRAME-SIZE compiled.
CREATE-FRAME compiled.
GET-FREE-FRAME compiled.
RELEASE-FRAME compiled.
SOME2 compiled.
GET-FACET compiled.
GET-INSTANCE-FACET compiled.
GET-VALUE compiled.
GET-IMMEDIATE-FACET compiled.
GET-IMMEDIATE-INSTANCE-FACET compiled.
GET-IMMEDIATE-VALUE compiled.
GET-GENERIC-VALUE compiled.
SET-GENERIC-VALUE compiled.
GET-VALUE-DEMONS compiled.
GET-FACET-DEMONS compiled.
GET-FACET-DEMONS0 compiled.
FACETEDP compiled.
LOCAL-P compiled.
FACETED-P2 compiled.
GET-SLOT compiled.
GET-INSTANCE-SLOT compiled.
GET-IMMEDIATE-SLOT compiled.
GET-IMMEDIATE-INSTANCE-SLOT compiled.
PA-GET-SNF-NUMS compiled.
GET-SLOT-NUM compiled.
GET-CSLOT compiled.
ADD-TO-FACET compiled.
ADD-TO-FACET-DEMONS compiled.
ADD-TO-VALUE compiled.
ADD-TO-SLOT compiled.
MAYBE-ADD-TO-SLOT compiled.
ADD-TO-CSLOT compiled.
SET-FACET compiled.
SET-FACET-DEMONS compiled.
SET-VALUE compiled.
SET-VALUE-DEMONS compiled.
SET-FACET-DEMONS0 compiled.
SET-CLASS&INSTANCES-FACET compiled.
HANDLE-SET-INVERSE-FACET compiled.
SET-INVERSE-FACET compiled.
PROPAGATE-DOWN compiled.
PROPAGATE-DOWN-DFS compiled.
MODIFY-FACET-PLIST compiled.
MODIFY-SLOT-PLIST compiled.
SET-INSTANCE-SLOT compiled.
HANDLE-SET-INVERSE-SLOT compiled.
SET-INVERSE-SLOT compiled.
SET-SLOT compiled.
SET-CSLOT compiled.
MARK-CLASSNAME compiled.
MARKED-P compiled.
INIT-PROPAGATE compiled.
NUM-INSTANCES-OF-CLASS compiled.
MODIFY-FRAME compiled.
MODIFY-FRAME-DEMONS compiled.
REMOVE-FRAME compiled.
REMOVE-FRAME-CLASS compiled.
REMOVE-FRAME-FROM-RANGE-FRAMES compiled.
REMOVE-FRAME-FROM-ISLOT compiled.
REMOVE-ONE-FRAME-FROM-ISLOT compiled.
REMOVE-FRAME-FROM-CSLOT compiled.
REMOVE-ONE-FRAME-FROM-CSLOT compiled.
KEYWORD-OR-CURRENT-EQUAL compiled.
CLEAR-INSTANCES compiled.
REMOVE-FRAME-INSTANCE compiled.
REPLACE-FRAME compiled.
COPY-FRAME compiled.
FAST-COPY-FRAME compiled.
COPY-ADJUSTABLE-ARRAY compiled.
COPY-NESTED-STRUCTURE compiled.
PA-COPY-ARRAY compiled.
COPY-ARRAY-SLOTS compiled.
DUP-ARRAY compiled.
COPY-VECTOR compiled.
COPY-GENERIC-THING compiled.
PA-FRAME-PRINTER compiled.
VECTOR-EQL compiled.
MAYBE-QUOTE compiled.
PP-FRAME compiled.
SAVE-FRAME compiled.
WRITE-FRAME compiled.
WRITE-SLOT-VALUE compiled.
PRINTABLE-SLOT-P compiled.
WRITE-HEADER compiled.
GET-ATOMIC-VALUE compiled.
DEFINE-FACET-GETTER compiled.
DEFINE-FACET-SETTER compiled.
DEFINE-FACET-ACCESSORS compiled.
DEFINE-FACET-ACCESSOR0 compiled.
DEFINE-FACET-GETTER-FOR-SLOT compiled.
DEFINE-GETTER-FOR-FACET compiled.
PA-EVAL compiled.
ASSURE-ISA-LIST compiled.
DEF-FRAME compiled.
CHECK-SLOT compiled.
KEYWORDIZE-PLIST compiled.
KEYWORDIZE-CPLIST compiled.
MAYBE-UPDATE-RANGE-CLASSES compiled.
UPDATE-RANGE-CLASS-VALUE compiled.
UPDATE-RANGE-CLASS-CPLIST-VALUE compiled.
MAYBE-DEFINE-INVERSE-RELATION-CLASS compiled.
MAYBE-ADD-INVERSE-NAME compiled.
ASSURE-LIST compiled.
ANNOUNCE-DEFINE compiled.
CHECK-PARENTS compiled.
WRITE-MAKER-FUNCTION compiled.
DEF-FRAME* compiled.
EVAL-PLIST compiled.
INVERTIBLE-RELATION compiled.
FIND-REL-SLOTS compiled.
FIND-RELATION-FRAMES compiled.
COMPUTE-ISAS compiled.
ALL-GRANDPARENTS compiled.
COMPUTE-INVERSE-ISAS compiled.
ADD-CLASS compiled.
NAME-TO-FRAME compiled.
FRAME compiled.
ISA-P compiled.
CLASSP compiled.
FRAME-CLASS-P compiled.
NAME-TO-FRAME-TYPE compiled.
GET-SLOT-NAMES compiled.
SLOTP compiled.
DO-FACETS compiled.
FRAME-CLASS compiled.
ISAS compiled.
IMMEDIATE-ISAS compiled.
INVERSE-ISAS compiled.
SET-INVERSE-ISAS compiled.
FRAMEP compiled.
ISA-INSTANCE compiled.
ISA-OR-INSTANCE compiled.
FRAME-INSTANCE-P compiled.
INSTANCE-NAMES-OF compiled.
INSTANCES-OF compiled.
SET-INSTANCES-OF compiled.
DELETE-CLASS-INSTANCE compiled.
CALL-FORM-ON-SUBINSTANCES compiled.
WITH-ALL-SUBINSTANCES-OF compiled.
CALL-FORM-ON-SUBCLASSES compiled.
WITH-ALL-SUBCLASSES-OF compiled.
MAYBE-INSTANCES-OF compiled.
MAYBE-GET-FRAME-NAME compiled.
GET-FRAME-NAME compiled.
NAME-FRAME compiled.
UNIQUE-INSTANCE-NAME compiled.
ADD-SLOT compiled.
MAKE-NEW-DEFAULT-SLOT compiled.
ADD-CSLOT compiled.
MAKE-FRAME-SLOT compiled.
MAYBE-MAKE-FRAME-SLOT compiled.
MAKE-DEFAULT-FRAME-SLOT compiled.
MAKE-FRAME compiled.
DO-SLOT compiled.
MAYBE-COPY-VECTOR compiled.
HANDLE-SET-INVERSE-VAL compiled.
MAKE-FRAME0 compiled.
FAST-MAKE-FRAME0 compiled.
CHECK-SLOT-ARGS compiled.
GENERIC-INHERIT compiled.
FIND-PROPAGATEP compiled.
CREATE-SF-ENTRY compiled.
IA-FACETPLIST-APPEND compiled.
MAYBE-MAKE-SLOT-FROM-VAL compiled.
MAKE-DEFAULT-FRAME compiled.
PARM-VALUEIFY compiled.
ORDERED-UNION compiled.
MAKE-INDEX-PLIST1 compiled.
MAKE-NEW-PLIST compiled.
MAKE-NEW-FACETS compiled.
COMBINE-CACHE-SLOTS compiled.
COMBINE-GETTER-SLOTS compiled.
GET-SET-TYPE compiled.
GET-SETABLE-SLOTS compiled.
COMBINE-SETABLE-SLOTS compiled.
TRANSLATE-ALL compiled.
TRANSLATE-ALL2 compiled.
TRANSLATE-ALL3 compiled.
FIND-FRAME-SLOTS compiled.
FIND-SPECS compiled.
ALL-FRAME-SLOTS compiled.
FIND-FRAME-CSLOTS compiled.
COMBINE-SLOTS compiled.
PLIST-UNION compiled.
CLASSIFY compiled.
GET-APPENDP compiled.
FIND-INHERITED-SLOTS compiled.
GET-SLOT-REF compiled.
GET-SLOT-UNFACETED compiled.
GET-SLOT-FACETED compiled.
GET-FIRST-SLOT-SPEC compiled.
GET-SLOT-SPEC0 compiled.
GET-SLOT-SPECS compiled.
GET-INHERITED-SLOT-NAMES compiled.
GET-SPECIFIED-SLOTS compiled.
MAYBE-CAR compiled.
PLIST-UNION-NO-PROPAGATE compiled.
COMBINE-SLOTS2 compiled.
PLIST-UNION* compiled.
PLIST-UNION-2* compiled.
PLIST-COMBINE compiled.
SIMPLE-PLIST-COMBINE compiled.
MAYBE-FPLIST-APPEND compiled.
ADD-FACETS compiled.
FIND-EXTRA-FACETS compiled.
FPLIST-ASSURE-LIST compiled.
GET-COMBOTYPE compiled.
PROPAGATE-INIT compiled.
PROPAGATE-INIT-PLIST compiled.
MAYBE-PROPAGATE-INIT-FACET-PLIST compiled.
PROPAGATE-UPDATE compiled.
DELETE-SLOT compiled.
GETABLEP compiled.
WRITE-ACCESSOR-FUNCTIONS compiled.
DYNAMIC-DEFINE-GENERIC-SLOT-ACCESSOR compiled.
GET-GENERIC-SLOT-ACCESSOR compiled.
GET-AREF-SLOT-ACCESSOR compiled.
DEFINE-SLOT-ACCESSOR compiled.
DEFINE-AREF-SLOT-ACCESSOR compiled.
DEFINE-REF-SLOT-FACET-ACCESSOR compiled.
DEFINE-AREF-SLOT-FACET-ACCESSOR compiled.
DEFINE-SLOT-SETTER compiled.
DEFINE-SLOT-SETF-METHOD compiled.
WRITE-FACET-REFS compiled.
DEFINE-FACET-SETTER-FN compiled.
DEFINE-FACET-SETF-METHOD compiled.
RENAME-FRAME compiled.
MAKE-RELATION compiled.

Finished compilation of file "/afs/cs.cmu.edu/user/pshell/parmenides/exp/parmenides.lisp".
0 Errors, 0 Warnings.
Elapsed time 0:07:03, run time 0:03:36.

